Started

Counter reset (space)
Counter reset (space)
Counter reset (space)
Counter reset (space)
Counter reset (space)
Counter reset (space)
Counter reset (space)
Counter reset (space)
Counter reset (space)
Counter reset (space)
Counter reset (space)
Counter reset (space)
Counter += 10 (up)
Counter += 10 (up)
Counter += 10 (up)
Counter += 10 (up)
Counter += 10 (up)
Counter += 10 (up)
Counter -= 10 (down)
Counter -= 10 (down)
Counter -= 10 (down)
Counter += 10 (up)
Counter += 10 (up)
Counter += 10 (up)
Counter += 10 (up)
Counter += 10 (up)
Quit requested
Exited cleanly
