Started
Counter [-1]
Counter [+1]
Counter [+1]
Counter [+1]
Counter [+1]
Counter [+1]
Counter [+1]
Counter [-1]
Counter [-1]
Counter [-1]
Counter [-1]
Counter [-1]
Counter [+1]
Counter [+1]
Counter [+1]
Counter [+1]
Counter [+1]
Counter [+1]
Counter [+1]
Counter [+1]
Counter [-1]
Counter [-1]
Counter [-1]
Counter [-1]
Counter [-1]
Counter [-1]
Counter [-1]
Counter [+1]
Counter [+1]
Counter [-1]
Counter [+1]
Counter [-1]
Counter [+1]
Counter [-1]
Counter [-1]
Counter [-1]
Counter [-1]
Counter [-1]
Counter [+1]
Counter [+1]
Counter [+1]
Counter [+1]
Counter [+1]
Counter [+1]
Counter [+1]
Counter [+1]
Counter [+1]
Counter [+1]
Counter [+1]
Counter [-1]
Counter [-1]
Counter [-1]
Counter [-1]
Counter [-1]
Counter [-1]
Counter [-1]
Counter [-1]
Counter [-1]
Counter [+1]
Counter [+1]
Counter [+1]
Counter [+1]
Counter [+1]
Counter [+1]
Counter [+1]
Counter [-1]
Counter [-1]
Counter [-1]
Counter [-1]
Counter [-1]
Counter [-1]
Counter [+1]
Counter [+1]
Counter [+1]
Counter [+1]
Counter [+1]
Counter [+1]
Counter [+1]
Counter [-1]
Counter [-1]
Counter [-1]
Counter [-1]
Counter [+1]
Counter [-1]
Counter [+1]
Counter [-1]
Counter [+1]
Counter [-1]
Counter [+1]
Counter [-1]
Counter [+1]
Counter reset
Quit requested.
Exited cleanly
Started
Counter [-1]
Counter [-1]
Counter [-1]
Counter [+1]
Counter [+1]
Counter [+1]
Counter [+1]
Counter [-1]
Counter [-1]
Counter [-1]
Counter [-1]
Counter [-1]
Counter [-1]
Counter [-1]
Counter [-1]
Counter [-1]
Counter [-1]
Counter [+1]
Counter [-1]
Counter [-1]
Counter [+1]
Counter [+1]
Counter [+1]
Counter [+1]
Counter [+1]
Counter [+1]
Counter [-1]
Counter [-1]
Counter [+1]
Counter [-1]
Counter [+1]
Counter [-1]
Counter [+1]
Counter [+1]
Counter [+1]
Counter [+1]
Counter [+1]
Counter [-1]
Counter [-1]
Counter [-1]
Counter [+1]
Counter [-1]
Counter [+1]
Counter [-1]
Counter [+1]
Counter [-1]
Counter [+1]
Quit requested.
Exited cleanly
Started
Quit requested.
Exited cleanly
